<?xml version="1.0" encoding="UTF-8"?>
<!-- Generated by org.testng.reporters.JUnitXMLReporter -->
<testsuite hostname="ASDP1732PO02529" ignored="0" name="Command line test" tests="3" failures="0" timestamp="11 Jul 2017 07:39:08 GMT" time="9.855" errors="0">
  <testcase name="verify" time="2.957" classname="training.assignment.ApiTest"/>
  <testcase name="verifyThroughList" time="0.517" classname="training.assignment.ApiTest"/>
  <testcase name="verifyTest" time="3.632" classname="training.assignment.AutomateTest"/>
</testsuite> <!-- Command line test -->
