<?xml version="1.0" encoding="UTF-8"?>
<testng-results skipped="0" failed="0" ignored="0" total="3" passed="3">
  <reporter-output>
  </reporter-output>
  <suite name="Command line suite" duration-ms="9855" started-at="2017-07-11T07:38:58Z" finished-at="2017-07-11T07:39:08Z">
    <groups>
    </groups>
    <test name="Command line test" duration-ms="9855" started-at="2017-07-11T07:38:58Z" finished-at="2017-07-11T07:39:08Z">
      <class name="training.assignment.ApiTest">
        <test-method status="PASS" signature="verify()[pri:0, instance:training.assignment.ApiTest@2d3fcdbd]" name="verify" duration-ms="2957" started-at="2017-07-11T13:09:01Z" finished-at="2017-07-11T13:09:04Z">
          <reporter-output>
          </reporter-output>
        </test-method> <!-- verify -->
        <test-method status="PASS" signature="verifyThroughList()[pri:0, instance:training.assignment.ApiTest@2d3fcdbd]" name="verifyThroughList" duration-ms="517" started-at="2017-07-11T13:09:04Z" finished-at="2017-07-11T13:09:04Z">
          <reporter-output>
          </reporter-output>
        </test-method> <!-- verifyThroughList -->
      </class> <!-- training.assignment.ApiTest -->
      <class name="training.assignment.AutomateTest">
        <test-method status="PASS" signature="loadOptions()[pri:0, instance:training.assignment.AutomateTest@3a03464]" name="loadOptions" is-config="true" duration-ms="2721" started-at="2017-07-11T13:08:58Z" finished-at="2017-07-11T13:09:01Z">
          <reporter-output>
          </reporter-output>
        </test-method> <!-- loadOptions -->
        <test-method status="PASS" signature="verifyTest()[pri:0, instance:training.assignment.AutomateTest@3a03464]" name="verifyTest" duration-ms="3632" started-at="2017-07-11T13:09:04Z" finished-at="2017-07-11T13:09:08Z">
          <reporter-output>
          </reporter-output>
        </test-method> <!-- verifyTest -->
      </class> <!-- training.assignment.AutomateTest -->
    </test> <!-- Command line test -->
  </suite> <!-- Command line suite -->
</testng-results>
